2025-03-03 08:28:42 [restartedMain] INFO  c.b.samlbox.SamlboxApplication - Starting SamlboxApplication using Java 21.0.6 with PID 1747 (/Users/ledeng/projects/saml-projects/samlbox/target/classes started by ledeng in /Users/ledeng/projects/saml-projects/samlbox)
2025-03-03 08:28:42 [restartedMain] INFO  c.b.samlbox.SamlboxApplication - No active profile set, falling back to 1 default profile: "default"
2025-03-03 08:28:42 [restartedMain] INFO  o.s.b.d.e.DevToolsPropertyDefaultsPostProcessor - Devtools property defaults active! Set 'spring.devtools.add-properties' to 'false' to disable
2025-03-03 08:28:42 [restartedMain] INFO  o.s.b.d.e.DevToolsPropertyDefaultsPostProcessor - For additional web related logging consider setting the 'logging.level.web' property to 'DEBUG'
2025-03-03 08:28:43 [restartedMain] INFO  o.s.d.r.c.RepositoryConfigurationDelegate - Bootstrapping Spring Data JPA repositories in DEFAULT mode.
2025-03-03 08:28:43 [restartedMain] INFO  o.s.d.r.c.RepositoryConfigurationDelegate - Finished Spring Data repository scanning in 54 ms. Found 3 JPA repository interfaces.
2025-03-03 08:28:43 [restartedMain] INFO  o.s.b.w.e.tomcat.TomcatWebServer - Tomcat initialized with port 8081 (http)
2025-03-03 08:28:44 [restartedMain] INFO  o.a.catalina.core.StandardService - Starting service [Tomcat]
2025-03-03 08:28:44 [restartedMain] INFO  o.a.catalina.core.StandardEngine - Starting Servlet engine: [Apache Tomcat/10.1.36]
2025-03-03 08:28:44 [restartedMain] INFO  o.a.c.c.C.[Tomcat].[localhost].[/] - Initializing Spring embedded WebApplicationContext
2025-03-03 08:28:44 [restartedMain] INFO  o.s.b.w.s.c.ServletWebServerApplicationContext - Root WebApplicationContext: initialization completed in 1823 ms
2025-03-03 08:28:44 [restartedMain] INFO  o.h.jpa.internal.util.LogHelper - HHH000204: Processing PersistenceUnitInfo [name: default]
2025-03-03 08:28:44 [restartedMain] INFO  org.hibernate.Version - HHH000412: Hibernate ORM core version 6.6.8.Final
2025-03-03 08:28:44 [restartedMain] INFO  o.h.c.i.RegionFactoryInitiator - HHH000026: Second-level cache disabled
2025-03-03 08:28:44 [restartedMain] INFO  o.s.o.j.p.SpringPersistenceUnitInfo - No LoadTimeWeaver setup: ignoring JPA class transformer
2025-03-03 08:28:44 [restartedMain] INFO  com.zaxxer.hikari.HikariDataSource - HikariPool-1 - Starting...
2025-03-03 08:28:44 [restartedMain] INFO  com.zaxxer.hikari.pool.HikariPool - HikariPool-1 - Added connection conn0: url=jdbc:h2:file:./data/saml-idp user=SA
2025-03-03 08:28:44 [restartedMain] INFO  com.zaxxer.hikari.HikariDataSource - HikariPool-1 - Start completed.
2025-03-03 08:28:44 [restartedMain] WARN  org.hibernate.orm.deprecation - HHH90000025: H2Dialect does not need to be specified explicitly using 'hibernate.dialect' (remove the property setting and it will be selected by default)
2025-03-03 08:28:44 [restartedMain] INFO  o.hibernate.orm.connections.pooling - HHH10001005: Database info:
	Database JDBC URL [Connecting through datasource 'HikariDataSource (HikariPool-1)']
	Database driver: undefined/unknown
	Database version: 2.3.232
	Autocommit mode: undefined/unknown
	Isolation level: undefined/unknown
	Minimum pool size: undefined/unknown
	Maximum pool size: undefined/unknown
2025-03-03 08:28:45 [restartedMain] INFO  o.h.e.t.j.p.i.JtaPlatformInitiator - HHH000489: No JTA platform available (set 'hibernate.transaction.jta.platform' to enable JTA platform integration)
2025-03-03 08:28:45 [restartedMain] INFO  o.s.o.j.LocalContainerEntityManagerFactoryBean - Initialized JPA EntityManagerFactory for persistence unit 'default'
2025-03-03 08:28:46 [restartedMain] INFO  c.b.samlbox.config.SamlConfig - Loading existing SAML signing keys
2025-03-03 08:28:46 [restartedMain] INFO  c.b.samlbox.config.SamlConfig - Loading existing SAML decryption keys
2025-03-03 08:28:47 [restartedMain] INFO  o.o.c.config.InitializationService - Initializing OpenSAML using the Java Services API
2025-03-03 08:28:47 [restartedMain] INFO  o.o.x.algorithm.AlgorithmRegistry - Algorithm failed runtime support check, will not be usable: http://www.w3.org/2001/04/xmlenc#ripemd160
2025-03-03 08:28:47 [restartedMain] INFO  o.o.x.algorithm.AlgorithmRegistry - Algorithm failed runtime support check, will not be usable: http://www.w3.org/2001/04/xmldsig-more#hmac-ripemd160
2025-03-03 08:28:47 [restartedMain] INFO  o.o.x.algorithm.AlgorithmRegistry - Algorithm failed runtime support check, will not be usable: http://www.w3.org/2001/04/xmldsig-more#rsa-ripemd160
2025-03-03 08:28:48 [restartedMain] DEBUG o.s.s.s.c.OpenSamlInitializationService - Initialized OpenSAML
2025-03-03 08:28:48 [restartedMain] INFO  o.o.c.config.InitializationService - Initializing OpenSAML using the Java Services API
2025-03-03 08:28:48 [restartedMain] INFO  o.o.x.algorithm.AlgorithmRegistry - Algorithm failed runtime support check, will not be usable: http://www.w3.org/2001/04/xmlenc#ripemd160
2025-03-03 08:28:48 [restartedMain] INFO  o.o.x.algorithm.AlgorithmRegistry - Algorithm failed runtime support check, will not be usable: http://www.w3.org/2001/04/xmldsig-more#hmac-ripemd160
2025-03-03 08:28:48 [restartedMain] INFO  o.o.x.algorithm.AlgorithmRegistry - Algorithm failed runtime support check, will not be usable: http://www.w3.org/2001/04/xmldsig-more#rsa-ripemd160
2025-03-03 08:28:48 [restartedMain] WARN  o.s.b.a.o.j.JpaBaseConfiguration$JpaWebConfiguration - spring.jpa.open-in-view is enabled by default. Therefore, database queries may be performed during view rendering. Explicitly configure spring.jpa.open-in-view to disable this warning
2025-03-03 08:28:48 [restartedMain] DEBUG o.s.s.c.a.a.c.AuthenticationConfiguration$DefaultPasswordEncoderAuthenticationManagerBuilder - No authenticationProviders and no parentAuthenticationManager defined. Returning null.
2025-03-03 08:28:48 [restartedMain] INFO  o.s.b.a.w.s.WelcomePageHandlerMapping - Adding welcome page template: index
2025-03-03 08:28:48 [restartedMain] DEBUG o.s.s.s.c.OpenSamlInitializationService - Refused to re-initialize OpenSAML
2025-03-03 08:28:48 [restartedMain] DEBUG o.s.s.s.c.OpenSamlInitializationService - Refused to re-initialize OpenSAML
2025-03-03 08:28:48 [restartedMain] DEBUG o.s.s.s.c.OpenSamlInitializationService - Refused to re-initialize OpenSAML
2025-03-03 08:28:48 [restartedMain] DEBUG o.s.s.s.c.OpenSamlInitializationService - Refused to re-initialize OpenSAML
2025-03-03 08:28:48 [restartedMain] DEBUG o.s.s.s.c.OpenSamlInitializationService - Refused to re-initialize OpenSAML
2025-03-03 08:28:48 [restartedMain] DEBUG o.s.s.s.c.OpenSamlInitializationService - Refused to re-initialize OpenSAML
2025-03-03 08:28:48 [restartedMain] DEBUG o.s.s.s.c.OpenSamlInitializationService - Refused to re-initialize OpenSAML
2025-03-03 08:28:48 [restartedMain] DEBUG o.s.s.s.c.OpenSamlInitializationService - Refused to re-initialize OpenSAML
2025-03-03 08:28:48 [restartedMain] DEBUG o.s.s.s.c.OpenSamlInitializationService - Refused to re-initialize OpenSAML
2025-03-03 08:28:48 [restartedMain] DEBUG o.s.s.s.c.OpenSamlInitializationService - Refused to re-initialize OpenSAML
2025-03-03 08:28:48 [restartedMain] DEBUG o.s.s.web.DefaultSecurityFilterChain - Will secure any request with filters: DisableEncodeUrlFilter, WebAsyncManagerIntegrationFilter, SecurityContextHolderFilter, HeaderWriterFilter, Saml2LogoutRequestFilter, Saml2LogoutResponseFilter, Saml2RelyingPartyInitiatedLogoutFilter, LogoutFilter, Saml2WebSsoAuthenticationRequestFilter, Saml2WebSsoAuthenticationFilter, Saml2MetadataFilter, RequestCacheAwareFilter, SecurityContextHolderAwareRequestFilter, AnonymousAuthenticationFilter, ExceptionTranslationFilter, AuthorizationFilter
2025-03-03 08:28:48 [restartedMain] INFO  o.s.v.b.OptionalValidatorFactoryBean - Failed to set up a Bean Validation provider: jakarta.validation.NoProviderFoundException: Unable to create a Configuration, because no Jakarta Bean Validation provider could be found. Add a provider like Hibernate Validator (RI) to your classpath.
2025-03-03 08:28:49 [restartedMain] INFO  o.s.b.a.h.H2ConsoleAutoConfiguration - H2 console available at '/h2-console'. Database available at 'jdbc:h2:file:./data/saml-idp'
2025-03-03 08:28:49 [restartedMain] INFO  o.s.b.d.a.OptionalLiveReloadServer - LiveReload server is running on port 35729
2025-03-03 08:28:49 [restartedMain] INFO  o.s.b.w.e.tomcat.TomcatWebServer - Tomcat started on port 8081 (http) with context path '/'
2025-03-03 08:28:49 [restartedMain] INFO  c.b.samlbox.SamlboxApplication - Started SamlboxApplication in 7.457 seconds (process running for 8.966)
2025-03-03 08:28:53 [SpringApplicationShutdownHook] INFO  o.s.b.w.e.tomcat.GracefulShutdown - Commencing graceful shutdown. Waiting for active requests to complete
2025-03-03 08:28:53 [tomcat-shutdown] INFO  o.s.b.w.e.tomcat.GracefulShutdown - Graceful shutdown complete
2025-03-03 08:28:53 [SpringApplicationShutdownHook] INFO  o.s.o.j.LocalContainerEntityManagerFactoryBean - Closing JPA EntityManagerFactory for persistence unit 'default'
2025-03-03 08:28:53 [SpringApplicationShutdownHook] INFO  com.zaxxer.hikari.HikariDataSource - HikariPool-1 - Shutdown initiated...
2025-03-03 08:28:53 [SpringApplicationShutdownHook] INFO  com.zaxxer.hikari.HikariDataSource - HikariPool-1 - Shutdown completed.
